1622887302582	geckodriver	INFO	Listening on 127.0.0.1:45575
1622887303630	mozrunner::runner	INFO	Running command: "/usr/bin/firefox" "--marionette" "-foreground" "-no-remote" "-profile" "/tmp/rust_mozprofilespC7Df"
1622887306906	Marionette	INFO	Marionette enabled
console.warn: SearchSettings: "get: No settings file exists, new profile?" (new Error("", "(unknown module)"))
1622887313244	Marionette	INFO	Listening on port 39387
1622887313528	Marionette	WARN	TLS certificate errors will be ignored for this session
console.warn: LoginRecipes: "getRecipes: falling back to a synchronous message for:" "https://m.facebook.com"
1622887937228	geckodriver	INFO	Listening on 127.0.0.1:34299
1622887937234	mozrunner::runner	INFO	Running command: "/usr/bin/firefox" "--marionette" "-foreground" "-no-remote" "-profile" "/tmp/rust_mozprofileBem9RP"
1622887939165	Marionette	INFO	Marionette enabled
console.warn: SearchSettings: "get: No settings file exists, new profile?" (new Error("", "(unknown module)"))
1622887943001	Marionette	INFO	Listening on port 34575
1622887943091	Marionette	WARN	TLS certificate errors will be ignored for this session
1622888174876	Marionette	INFO	Stopped listening on port 34575
1622888180753	geckodriver	INFO	Listening on 127.0.0.1:47875
1622888181760	mozrunner::runner	INFO	Running command: "/usr/bin/firefox" "--marionette" "-foreground" "-no-remote" "-profile" "/tmp/rust_mozprofileC2dfAq"
1622888184007	Marionette	INFO	Marionette enabled
console.warn: SearchSettings: "get: No settings file exists, new profile?" (new Error("", "(unknown module)"))
1622888187865	Marionette	INFO	Listening on port 44741
1622888187954	Marionette	WARN	TLS certificate errors will be ignored for this session
1622888231453	Marionette	INFO	Stopped listening on port 44741
1622888302827	geckodriver	INFO	Listening on 127.0.0.1:37017
1622888302835	mozrunner::runner	INFO	Running command: "/usr/bin/firefox" "--marionette" "-foreground" "-no-remote" "-profile" "/tmp/rust_mozprofile0nBLYW"
1622888304554	Marionette	INFO	Marionette enabled
console.warn: SearchSettings: "get: No settings file exists, new profile?" (new Error("", "(unknown module)"))
1622888308316	Marionette	INFO	Listening on port 45237
1622888308385	Marionette	WARN	TLS certificate errors will be ignored for this session
1622888660237	Marionette	INFO	Stopped listening on port 45237

###!!! [Parent][RunMessage] Error: Channel closing: too late to send/recv, messages will be lost

1622889465029	geckodriver	INFO	Listening on 127.0.0.1:52757
1622889466067	mozrunner::runner	INFO	Running command: "/usr/bin/firefox" "--marionette" "-foreground" "-no-remote" "-profile" "/tmp/rust_mozprofileWBJtSU"
1622889469180	Marionette	INFO	Marionette enabled
console.warn: SearchSettings: "get: No settings file exists, new profile?" (new Error("", "(unknown module)"))
1622889473845	Marionette	INFO	Listening on port 34319
1622889473941	Marionette	WARN	TLS certificate errors will be ignored for this session
JavaScript warning: https://static.xx.fbcdn.net/rsrc.php/v3iOFg4/y1/l/hi_IN/l0lkwN60zc9.js?_nc_x=Ij3Wp8lg5Kz, line 142: unreachable code after return statement
JavaScript warning: https://static.xx.fbcdn.net/rsrc.php/v3iOFg4/y1/l/hi_IN/l0lkwN60zc9.js?_nc_x=Ij3Wp8lg5Kz, line 142: unreachable code after return statement
JavaScript warning: https://static.xx.fbcdn.net/rsrc.php/v3iOFg4/y1/l/hi_IN/l0lkwN60zc9.js?_nc_x=Ij3Wp8lg5Kz, line 142: unreachable code after return statement
1622889940842	Marionette	INFO	Stopped listening on port 34319
1622889944949	geckodriver	INFO	Listening on 127.0.0.1:40577
1622889945955	mozrunner::runner	INFO	Running command: "/usr/bin/firefox" "--marionette" "-foreground" "-no-remote" "-profile" "/tmp/rust_mozprofileSINLqZ"
1622889947774	Marionette	INFO	Marionette enabled
console.warn: SearchSettings: "get: No settings file exists, new profile?" (new Error("", "(unknown module)"))
1622889951911	Marionette	INFO	Listening on port 44725
1622889952019	Marionette	WARN	TLS certificate errors will be ignored for this session
1622891780115	geckodriver	INFO	Listening on 127.0.0.1:60455
1622891780120	mozrunner::runner	INFO	Running command: "/usr/bin/firefox" "--marionette" "-foreground" "-no-remote" "-profile" "/tmp/rust_mozprofileXOe0gI"
1622891782548	Marionette	INFO	Marionette enabled
console.warn: SearchSettings: "get: No settings file exists, new profile?" (new Error("", "(unknown module)"))
1622891787765	Marionette	INFO	Listening on port 42915
1622891787828	Marionette	WARN	TLS certificate errors will be ignored for this session
1622891793058	Marionette	INFO	Stopped listening on port 44725
1622891887168	Marionette	INFO	Stopped listening on port 42915
console.error: "Error while calling actor 'pagestyle's method 'getLayout'" "node is null"
console.error: (new TypeError("node is null", "resource://devtools/server/actors/page-style.js", 1002))
console.error: (new Error("Protocol error (TypeError): node is null from: server0.conn0.child16618/pagestyle24 (resource://devtools/server/actors/page-style.js:1002:5)", "resource://devtools/shared/protocol/Front.js", 358))
1622892748974	Marionette	INFO	Stopped listening on port 39387

###!!! [Parent][RunMessage] Error: Channel closing: too late to send/recv, messages will be lost

1622905404200	geckodriver	INFO	Listening on 127.0.0.1:59965
1622905404207	mozrunner::runner	INFO	Running command: "/usr/bin/firefox" "--marionette" "-foreground" "-no-remote" "-profile" "/tmp/rust_mozprofileNJqpRj"
1622905406116	Marionette	INFO	Marionette enabled
console.warn: SearchSettings: "get: No settings file exists, new profile?" (new Error("", "(unknown module)"))
1622905410052	Marionette	INFO	Listening on port 40957
1622905410155	Marionette	WARN	TLS certificate errors will be ignored for this session
1623238717156	geckodriver	INFO	Listening on 127.0.0.1:36129
1623238718104	mozrunner::runner	INFO	Running command: "/usr/bin/firefox" "--marionette" "-foreground" "-no-remote" "-profile" "/tmp/rust_mozprofileybaBbH"
1623238719955	Marionette	INFO	Marionette enabled
console.warn: SearchSettings: "get: No settings file exists, new profile?" (new NotFoundError("Could not open the file at /tmp/rust_mozprofileybaBbH/search.json.mozlz4", (void 0)))
1623238723159	Marionette	INFO	Listening on port 44373
1623238724683	Marionette	WARN	TLS certificate errors will be ignored for this session
JavaScript error: resource://devtools/server/actors/network-monitor/network-event-actor.js, line 108: Error: Got a request https://static.xx.fbcdn.net/rsrc.php/v3/yh/l/0,cross/jTxg6VgXgAx.css?_nc_x=Ij3Wp8lg5Kz without a browsingContextID set
JavaScript error: resource://devtools/server/actors/network-monitor/network-event-actor.js, line 108: Error: Got a request https://static.xx.fbcdn.net/rsrc.php/v3/yq/l/0,cross/5IUif_bnux2.css?_nc_x=Ij3Wp8lg5Kz without a browsingContextID set
JavaScript error: resource://devtools/server/actors/network-monitor/network-event-actor.js, line 108: Error: Got a request https://static.xx.fbcdn.net/rsrc.php/v3/y8/l/0,cross/tE_8iy-63yF.css?_nc_x=Ij3Wp8lg5Kz without a browsingContextID set
JavaScript error: resource://gre/actors/AutoCompleteChild.jsm, line 125: Error: Invalid autocomplete selectedIndex
JavaScript error: resource://gre/actors/AutoCompleteChild.jsm, line 125: Error: Invalid autocomplete selectedIndex
JavaScript error: resource://gre/actors/AutoCompleteChild.jsm, line 125: Error: Invalid autocomplete selectedIndex
1623238921412	geckodriver	INFO	Listening on 127.0.0.1:49047
1623238921418	mozrunner::runner	INFO	Running command: "/usr/bin/firefox" "--marionette" "-foreground" "-no-remote" "-profile" "/tmp/rust_mozprofileGgsxYa"
1623238923244	Marionette	INFO	Marionette enabled
console.warn: SearchSettings: "get: No settings file exists, new profile?" (new NotFoundError("Could not open the file at /tmp/rust_mozprofileGgsxYa/search.json.mozlz4", (void 0)))
1623238927223	Marionette	INFO	Listening on port 41891
1623238927465	Marionette	WARN	TLS certificate errors will be ignored for this session
1623239420284	Marionette	INFO	Stopped listening on port 44373
1623239422552	Marionette	INFO	Stopped listening on port 41891
1623239488748	geckodriver	INFO	Listening on 127.0.0.1:43833
1623239488755	mozrunner::runner	INFO	Running command: "/usr/bin/firefox" "--marionette" "-foreground" "-no-remote" "-profile" "/tmp/rust_mozprofile3LFhzg"
1623239490977	Marionette	INFO	Marionette enabled
console.warn: SearchSettings: "get: No settings file exists, new profile?" (new NotFoundError("Could not open the file at /tmp/rust_mozprofile3LFhzg/search.json.mozlz4", (void 0)))
1623239494306	Marionette	INFO	Listening on port 44955
1623239494408	Marionette	WARN	TLS certificate errors will be ignored for this session
console.error: Region.jsm: "Error fetching region" (new Error("TIMEOUT", "resource://gre/modules/Region.jsm", 772))
console.error: Region.jsm: "Failed to fetch region" (new Error("TIMEOUT", "resource://gre/modules/Region.jsm", 419))
1623239595580	geckodriver	INFO	Listening on 127.0.0.1:57841
1623239596591	mozrunner::runner	INFO	Running command: "/usr/bin/firefox" "--marionette" "-foreground" "-no-remote" "-profile" "/tmp/rust_mozprofile90XzsP"
1623239598964	Marionette	INFO	Marionette enabled
1623239599143	Marionette	INFO	Stopped listening on port 44955
console.warn: SearchSettings: "get: No settings file exists, new profile?" (new NotFoundError("Could not open the file at /tmp/rust_mozprofile90XzsP/search.json.mozlz4", (void 0)))
1623239602644	Marionette	INFO	Listening on port 39791
1623239602930	Marionette	WARN	TLS certificate errors will be ignored for this session
1623245554820	geckodriver	INFO	Listening on 127.0.0.1:45579
1623245555826	mozrunner::runner	INFO	Running command: "/usr/bin/firefox" "--marionette" "-foreground" "-no-remote" "-profile" "/tmp/rust_mozprofileuh8sdw"
1623245557857	Marionette	INFO	Marionette enabled
console.warn: SearchSettings: "get: No settings file exists, new profile?" (new NotFoundError("Could not open the file at /tmp/rust_mozprofileuh8sdw/search.json.mozlz4", (void 0)))
1623245561641	Marionette	INFO	Listening on port 43479
1623245561776	Marionette	WARN	TLS certificate errors will be ignored for this session
1623245565786	geckodriver	INFO	Listening on 127.0.0.1:58371
1623245565795	mozrunner::runner	INFO	Running command: "/usr/bin/firefox" "--marionette" "-foreground" "-no-remote" "-profile" "/tmp/rust_mozprofilephCjLW"
1623245567712	Marionette	INFO	Marionette enabled
console.warn: SearchSettings: "get: No settings file exists, new profile?" (new NotFoundError("Could not open the file at /tmp/rust_mozprofilephCjLW/search.json.mozlz4", (void 0)))
1623245571468	Marionette	INFO	Listening on port 38459
1623245571799	Marionette	WARN	TLS certificate errors will be ignored for this session
JavaScript error: resource://devtools/server/actors/network-monitor/network-event-actor.js, line 108: Error: Got a request https://static.xx.fbcdn.net/rsrc.php/v3/yh/l/0,cross/jTxg6VgXgAx.css?_nc_x=Ij3Wp8lg5Kz without a browsingContextID set
JavaScript error: resource://devtools/server/actors/network-monitor/network-event-actor.js, line 108: Error: Got a request https://static.xx.fbcdn.net/rsrc.php/v3/yq/l/0,cross/5IUif_bnux2.css?_nc_x=Ij3Wp8lg5Kz without a browsingContextID set
JavaScript error: resource://devtools/server/actors/network-monitor/network-event-actor.js, line 108: Error: Got a request https://static.xx.fbcdn.net/rsrc.php/v3/y8/l/0,cross/tE_8iy-63yF.css?_nc_x=Ij3Wp8lg5Kz without a browsingContextID set
JavaScript error: resource://devtools/server/actors/network-monitor/network-event-actor.js, line 108: Error: Got a request https://static.xx.fbcdn.net/rsrc.php/v3/yg/l/0,cross/evAq0MFN3JZ.css?_nc_x=Ij3Wp8lg5Kz without a browsingContextID set
JavaScript error: resource://devtools/server/actors/network-monitor/network-event-actor.js, line 108: Error: Got a request https://static.xx.fbcdn.net/rsrc.php/v3/yD/l/0,cross/2uvGIdDv9e-.css?_nc_x=Ij3Wp8lg5Kz without a browsingContextID set
JavaScript error: resource://gre/actors/AutoCompleteChild.jsm, line 125: Error: Invalid autocomplete selectedIndex
1623245961580	Marionette	INFO	Stopped listening on port 39791
1623245963607	Marionette	INFO	Stopped listening on port 43479
1623246067280	Marionette	INFO	Stopped listening on port 38459
1623425717677	geckodriver	INFO	Listening on 127.0.0.1:53583
1623425717684	mozrunner::runner	INFO	Running command: "/usr/bin/firefox" "--marionette" "-foreground" "-no-remote" "-profile" "/tmp/rust_mozprofileehWh7D"
1623425719541	Marionette	INFO	Marionette enabled
console.warn: SearchSettings: "get: No settings file exists, new profile?" (new NotFoundError("Could not open the file at /tmp/rust_mozprofileehWh7D/search.json.mozlz4", (void 0)))
1623425722936	Marionette	INFO	Listening on port 41187
1623425723032	Marionette	WARN	TLS certificate errors will be ignored for this session
1623425729352	geckodriver	INFO	Listening on 127.0.0.1:35935
1623425729363	mozrunner::runner	INFO	Running command: "/usr/bin/firefox" "--marionette" "-foreground" "-no-remote" "-profile" "/tmp/rust_mozprofileJS9Vrb"
1623425731484	Marionette	INFO	Marionette enabled
console.warn: SearchSettings: "get: No settings file exists, new profile?" (new NotFoundError("Could not open the file at /tmp/rust_mozprofileJS9Vrb/search.json.mozlz4", (void 0)))
1623425735285	Marionette	INFO	Listening on port 43695
1623425735678	Marionette	WARN	TLS certificate errors will be ignored for this session
1623426060115	geckodriver	INFO	Listening on 127.0.0.1:34535
1623426060121	mozrunner::runner	INFO	Running command: "/usr/bin/firefox" "--marionette" "-foreground" "-no-remote" "-profile" "/tmp/rust_mozprofilebSKc1h"
1623426061930	Marionette	INFO	Marionette enabled
console.warn: SearchSettings: "get: No settings file exists, new profile?" (new NotFoundError("Could not open the file at /tmp/rust_mozprofilebSKc1h/search.json.mozlz4", (void 0)))
1623426065763	Marionette	INFO	Listening on port 42323
1623426065893	Marionette	WARN	TLS certificate errors will be ignored for this session
1623426069769	Marionette	INFO	Stopped listening on port 43695
1623426072051	Marionette	INFO	Stopped listening on port 41187

###!!! [Parent][RunMessage] Error: Channel closing: too late to send/recv, messages will be lost

1623426099026	geckodriver	INFO	Listening on 127.0.0.1:35913
1623426099034	mozrunner::runner	INFO	Running command: "/usr/bin/firefox" "--marionette" "-foreground" "-no-remote" "-profile" "/tmp/rust_mozprofileADqm44"
1623426101392	Marionette	INFO	Marionette enabled
console.warn: SearchSettings: "get: No settings file exists, new profile?" (new NotFoundError("Could not open the file at /tmp/rust_mozprofileADqm44/search.json.mozlz4", (void 0)))
JavaScript error: resource:///modules/UrlbarInput.jsm, line 2952: TypeError: event.target.closest is not a function
1623426105157	Marionette	INFO	Listening on port 46355
1623426105440	Marionette	WARN	TLS certificate errors will be ignored for this session
1623426125529	Marionette	INFO	Stopped listening on port 46355
1623426126618	Marionette	INFO	Stopped listening on port 42323
1623426130010	geckodriver	INFO	Listening on 127.0.0.1:47989
1623426130018	mozrunner::runner	INFO	Running command: "/usr/bin/firefox" "--marionette" "-foreground" "-no-remote" "-profile" "/tmp/rust_mozprofilesZHF1i"
1623426131916	Marionette	INFO	Marionette enabled
console.warn: SearchSettings: "get: No settings file exists, new profile?" (new NotFoundError("Could not open the file at /tmp/rust_mozprofilesZHF1i/search.json.mozlz4", (void 0)))
1623426135386	Marionette	INFO	Listening on port 37563
1623426135736	Marionette	WARN	TLS certificate errors will be ignored for this session
1623426139891	geckodriver	INFO	Listening on 127.0.0.1:34355
1623426139897	mozrunner::runner	INFO	Running command: "/usr/bin/firefox" "--marionette" "-foreground" "-no-remote" "-profile" "/tmp/rust_mozprofileNSjrKO"
1623426141831	Marionette	INFO	Marionette enabled
console.warn: SearchSettings: "get: No settings file exists, new profile?" (new NotFoundError("Could not open the file at /tmp/rust_mozprofileNSjrKO/search.json.mozlz4", (void 0)))
1623426145535	Marionette	INFO	Listening on port 37479
1623426146053	Marionette	WARN	TLS certificate errors will be ignored for this session
1623426275038	geckodriver	INFO	Listening on 127.0.0.1:43503
1623426275045	mozrunner::runner	INFO	Running command: "/usr/bin/firefox" "--marionette" "-foreground" "-no-remote" "-profile" "/tmp/rust_mozprofileyf3ER6"
1623426276938	Marionette	INFO	Marionette enabled
1623426278992	Marionette	INFO	Stopped listening on port 37563
console.warn: SearchSettings: "get: No settings file exists, new profile?" (new NotFoundError("Could not open the file at /tmp/rust_mozprofileyf3ER6/search.json.mozlz4", (void 0)))
1623426280927	Marionette	INFO	Listening on port 37237
1623426281197	Marionette	WARN	TLS certificate errors will be ignored for this session
1623426285053	geckodriver	INFO	Listening on 127.0.0.1:48681
1623426286062	mozrunner::runner	INFO	Running command: "/usr/bin/firefox" "--marionette" "-foreground" "-no-remote" "-profile" "/tmp/rust_mozprofiledpFcqU"
1623426288309	Marionette	INFO	Marionette enabled
1623426289828	Marionette	INFO	Stopped listening on port 37479
console.warn: SearchSettings: "get: No settings file exists, new profile?" (new NotFoundError("Could not open the file at /tmp/rust_mozprofiledpFcqU/search.json.mozlz4", (void 0)))
1623426293089	Marionette	INFO	Listening on port 45043
1623426293528	Marionette	WARN	TLS certificate errors will be ignored for this session
1623426300927	Marionette	INFO	Stopped listening on port 45043
1623426403940	Marionette	INFO	Stopped listening on port 37237
1623426406588	geckodriver	INFO	Listening on 127.0.0.1:42893
1623426407595	mozrunner::runner	INFO	Running command: "/usr/bin/firefox" "--marionette" "-foreground" "-no-remote" "-profile" "/tmp/rust_mozprofile1h2nrI"
1623426409367	Marionette	INFO	Marionette enabled
console.warn: SearchSettings: "get: No settings file exists, new profile?" (new NotFoundError("Could not open the file at /tmp/rust_mozprofile1h2nrI/search.json.mozlz4", (void 0)))
1623426412872	Marionette	INFO	Listening on port 35877
1623426413351	Marionette	WARN	TLS certificate errors will be ignored for this session
1623426418056	Marionette	INFO	Stopped listening on port 35877
1623426419467	geckodriver	INFO	Listening on 127.0.0.1:60637
1623426419473	mozrunner::runner	INFO	Running command: "/usr/bin/firefox" "--marionette" "-foreground" "-no-remote" "-profile" "/tmp/rust_mozprofile80iYB4"
1623426421272	Marionette	INFO	Marionette enabled
console.warn: SearchSettings: "get: No settings file exists, new profile?" (new NotFoundError("Could not open the file at /tmp/rust_mozprofile80iYB4/search.json.mozlz4", (void 0)))
1623426424675	Marionette	INFO	Listening on port 45811
1623426424718	Marionette	WARN	TLS certificate errors will be ignored for this session
1623426430583	Marionette	INFO	Stopped listening on port 45811

###!!! [Parent][RunMessage] Error: Channel closing: too late to send/recv, messages will be lost

1623426667084	geckodriver	INFO	Listening on 127.0.0.1:53023
1623426668092	mozrunner::runner	INFO	Running command: "/usr/bin/firefox" "--marionette" "-foreground" "-no-remote" "-profile" "/tmp/rust_mozprofileoZVyWg"
1623426670065	Marionette	INFO	Marionette enabled
console.warn: SearchSettings: "get: No settings file exists, new profile?" (new NotFoundError("Could not open the file at /tmp/rust_mozprofileoZVyWg/search.json.mozlz4", (void 0)))
1623426673626	Marionette	INFO	Listening on port 45953
1623426673658	Marionette	WARN	TLS certificate errors will be ignored for this session
1623426678540	geckodriver	INFO	Listening on 127.0.0.1:41271
1623426678547	mozrunner::runner	INFO	Running command: "/usr/bin/firefox" "--marionette" "-foreground" "-no-remote" "-profile" "/tmp/rust_mozprofileCeRwt9"
1623426680582	Marionette	INFO	Marionette enabled
console.warn: SearchSettings: "get: No settings file exists, new profile?" (new NotFoundError("Could not open the file at /tmp/rust_mozprofileCeRwt9/search.json.mozlz4", (void 0)))
1623426684454	Marionette	INFO	Listening on port 37851
1623426684683	Marionette	WARN	TLS certificate errors will be ignored for this session
1623426697513	Marionette	INFO	Stopped listening on port 37851
JavaScript error: resource://devtools/server/actors/network-monitor/network-event-actor.js, line 108: Error: Got a request https://static.xx.fbcdn.net/rsrc.php/v3/yA/l/0,cross/m3BaX9gVePL.css?_nc_x=Ij3Wp8lg5Kz without a browsingContextID set
JavaScript error: resource://devtools/server/actors/network-monitor/network-event-actor.js, line 108: Error: Got a request https://static.xx.fbcdn.net/rsrc.php/v3/yG/l/0,cross/Vmov9N9iyG2.css?_nc_x=Ij3Wp8lg5Kz without a browsingContextID set
JavaScript error: resource://devtools/server/actors/network-monitor/network-event-actor.js, line 108: Error: Got a request https://static.xx.fbcdn.net/rsrc.php/v3/yS/l/0,cross/rqYclURIYJR.css?_nc_x=Ij3Wp8lg5Kz without a browsingContextID set
JavaScript error: resource://devtools/server/actors/network-monitor/network-event-actor.js, line 108: Error: Got a request https://static.xx.fbcdn.net/rsrc.php/v3/yQ/l/0,cross/7n9M8qSDX7b.css?_nc_x=Ij3Wp8lg5Kz without a browsingContextID set
console.error: "Error while calling actor 'pagestyle's method 'getLayout'" "node is null"
console.error: (new TypeError("node is null", "resource://devtools/server/actors/page-style.js", 1001))
console.error: (new Error("Protocol error (TypeError): node is null from: server0.conn0.child4/pagestyle25 (resource://devtools/server/actors/page-style.js:1001:5)", "resource://devtools/shared/protocol/Front.js", 365))
console.error: (new TypeError("parent is null", "resource://devtools/client/inspector/shared/style-change-tracker.js", 67))
TypeError: parent is null: canMutationImpactCurrentStyles@resource://devtools/client/inspector/shared/style-change-tracker.js:67:24
onMutations@resource://devtools/client/inspector/shared/style-change-tracker.js:84:41
_emit@resource://devtools/shared/event-emitter.js:226:34
emit@resource://devtools/shared/event-emitter.js:172:18
emit@resource://devtools/shared/event-emitter.js:324:18
getMutations@resource://devtools/client/fronts/walker.js:358:10

JavaScript error: resource://gre/actors/AutoCompleteChild.jsm, line 125: Error: Invalid autocomplete selectedIndex
1623426911505	geckodriver	INFO	Listening on 127.0.0.1:39657
1623426912516	mozrunner::runner	INFO	Running command: "/usr/bin/firefox" "--marionette" "-foreground" "-no-remote" "-profile" "/tmp/rust_mozprofileWZns4q"
1623426914404	Marionette	INFO	Marionette enabled
console.warn: SearchSettings: "get: No settings file exists, new profile?" (new NotFoundError("Could not open the file at /tmp/rust_mozprofileWZns4q/search.json.mozlz4", (void 0)))
1623426917912	Marionette	INFO	Listening on port 46343
1623426917979	Marionette	WARN	TLS certificate errors will be ignored for this session
1623426922071	geckodriver	INFO	Listening on 127.0.0.1:38121
1623426922111	mozrunner::runner	INFO	Running command: "/usr/bin/firefox" "--marionette" "-foreground" "-no-remote" "-profile" "/tmp/rust_mozprofilePD4mpm"
1623426924562	Marionette	INFO	Marionette enabled
console.warn: SearchSettings: "get: No settings file exists, new profile?" (new NotFoundError("Could not open the file at /tmp/rust_mozprofilePD4mpm/search.json.mozlz4", (void 0)))
1623426928597	Marionette	INFO	Listening on port 46251
JavaScript error: resource://activity-stream/lib/ActivityStreamPrefs.jsm, line 27: NS_ERROR_ILLEGAL_VALUE: Component returned failure code: 0x80070057 (NS_ERROR_ILLEGAL_VALUE) [nsIPrefBranch.removeObserver]
1623426929008	Marionette	WARN	TLS certificate errors will be ignored for this session
JavaScript error: chrome://marionette/content/driver.js, line 2346: NS_ERROR_FAILURE: Component returned failure code: 0x80004005 (NS_ERROR_FAILURE) [nsIObserverService.removeObserver]
JavaScript error: resource://gre/modules/ExtensionSettingsStore.jsm, line 122: Error: The ExtensionSettingsStore was accessed before the initialize promise resolved.
JavaScript error: resource://activity-stream/lib/PersistentCache.jsm, line 93: AbortError: IOUtils: Shutting down and refusing additional I/O tasks
console.log: "RemoteSettingsWorker error: Error: Can't import when we've started shutting down."
console.error: "Could not load engine google@search.mozilla.org: [Exception... \"AddonManager is not initialized\"  nsresult: \"0xc1f30001 (NS_ERROR_NOT_INITIALIZED)\"  location: \"JS frame :: resource://gre/modules/AddonManager.jsm :: installBuiltinAddon :: line 2536\"  data: no]"
console.error: "Could not load engine amazondotcom@search.mozilla.org: [Exception... \"AddonManager is not initialized\"  nsresult: \"0xc1f30001 (NS_ERROR_NOT_INITIALIZED)\"  location: \"JS frame :: resource://gre/modules/AddonManager.jsm :: installBuiltinAddon :: line 2536\"  data: no]"
console.error: "Could not load engine wikipedia@search.mozilla.org: [Exception... \"AddonManager is not initialized\"  nsresult: \"0xc1f30001 (NS_ERROR_NOT_INITIALIZED)\"  location: \"JS frame :: resource://gre/modules/AddonManager.jsm :: installBuiltinAddon :: line 2536\"  data: no]"
console.error: "Could not load engine bing@search.mozilla.org: [Exception... \"AddonManager is not initialized\"  nsresult: \"0xc1f30001 (NS_ERROR_NOT_INITIALIZED)\"  location: \"JS frame :: resource://gre/modules/AddonManager.jsm :: installBuiltinAddon :: line 2536\"  data: no]"
console.error: "Could not load engine ddg@search.mozilla.org: [Exception... \"AddonManager is not initialized\"  nsresult: \"0xc1f30001 (NS_ERROR_NOT_INITIALIZED)\"  location: \"JS frame :: resource://gre/modules/AddonManager.jsm :: installBuiltinAddon :: line 2536\"  data: no]"
console.warn: SearchService: "_init: abandoning init due to shutting down"
JavaScript error: resource://gre/modules/AsyncShutdown.jsm, line 575: uncaught exception: 2147500036
JavaScript error: resource://gre/modules/AsyncShutdown.jsm, line 575: uncaught exception: 2147500036
JavaScript error: resource://gre/modules/AsyncShutdown.jsm, line 575: uncaught exception: 2147500036
JavaScript error: resource://gre/modules/AsyncShutdown.jsm, line 575: uncaught exception: 2147500036
JavaScript error: resource://gre/modules/AsyncShutdown.jsm, line 575: uncaught exception: 2147500036
JavaScript error: resource://gre/modules/AsyncShutdown.jsm, line 575: uncaught exception: 2147500036
console.log: "RemoteSettingsWorker error: Error: Can't import when we've started shutting down."
console.log: "RemoteSettingsWorker error: Error: Can't import when we've started shutting down."
JavaScript error: chrome://marionette/content/driver.js, line 2346: NS_ERROR_FAILURE: Component returned failure code: 0x80004005 (NS_ERROR_FAILURE) [nsIObserverService.removeObserver]
JavaScript error: , line 0: AbortError: A request was aborted, for example through a call to IDBTransaction.abort.
1623426931363	Marionette	INFO	Stopped listening on port 46251
1623426931697	Marionette	INFO	Stopped listening on port 46343
JavaScript error: resource:///modules/EveryWindow.jsm, line 37: NS_ERROR_UNEXPECTED: Component returned failure code: 0x8000ffff (NS_ERROR_UNEXPECTED) [nsIWindowMediator.getEnumerator]
JavaScript error: resource://gre/modules/CrashManager.jsm, line 829: AbortError: IOUtils: Shutting down and refusing additional I/O tasks
ExceptionHandler::GenerateDump cloned child 6550
ExceptionHandler::SendContinueSignalToChild sent continue signal to child
ExceptionHandler::WaitForContinueSignal waiting for continue signal...
1623428327229	geckodriver	INFO	Listening on 127.0.0.1:59487
1623428328235	mozrunner::runner	INFO	Running command: "/usr/bin/firefox" "--marionette" "-foreground" "-no-remote" "-profile" "/tmp/rust_mozprofileqkG7TO"
1623428330435	Marionette	INFO	Marionette enabled
console.warn: SearchSettings: "get: No settings file exists, new profile?" (new NotFoundError("Could not open the file at /tmp/rust_mozprofileqkG7TO/search.json.mozlz4", (void 0)))
1623428334052	Marionette	INFO	Listening on port 43899
1623428334113	Marionette	WARN	TLS certificate errors will be ignored for this session
1623428339016	geckodriver	INFO	Listening on 127.0.0.1:44951
1623428339022	mozrunner::runner	INFO	Running command: "/usr/bin/firefox" "--marionette" "-foreground" "-no-remote" "-profile" "/tmp/rust_mozprofileTMvikk"
1623428340827	Marionette	INFO	Marionette enabled
console.warn: SearchSettings: "get: No settings file exists, new profile?" (new NotFoundError("Could not open the file at /tmp/rust_mozprofileTMvikk/search.json.mozlz4", (void 0)))
1623428344375	Marionette	INFO	Listening on port 33383
1623428344863	Marionette	WARN	TLS certificate errors will be ignored for this session
1623428457250	geckodriver	INFO	Listening on 127.0.0.1:35899
1623428457257	mozrunner::runner	INFO	Running command: "/usr/bin/firefox" "--marionette" "-foreground" "-no-remote" "-profile" "/tmp/rust_mozprofile9RLOBi"
1623428459167	Marionette	INFO	Marionette enabled
console.warn: SearchSettings: "get: No settings file exists, new profile?" (new NotFoundError("Could not open the file at /tmp/rust_mozprofile9RLOBi/search.json.mozlz4", (void 0)))
JavaScript error: resource:///modules/UrlbarInput.jsm, line 2952: TypeError: event.target.closest is not a function
1623428463092	Marionette	INFO	Listening on port 35413
1623428463209	Marionette	WARN	TLS certificate errors will be ignored for this session
1623428467657	Marionette	INFO	Stopped listening on port 35413
1623428468012	Marionette	INFO	Stopped listening on port 33383

###!!! [Parent][RunMessage] Error: Channel closing: too late to send/recv, messages will be lost

1623428468979	geckodriver	INFO	Listening on 127.0.0.1:38321
1623428468989	mozrunner::runner	INFO	Running command: "/usr/bin/firefox" "--marionette" "-foreground" "-no-remote" "-profile" "/tmp/rust_mozprofileEtJqX6"
1623428470720	Marionette	INFO	Marionette enabled
1623428472190	Marionette	INFO	Stopped listening on port 43899

###!!! [Parent][RunMessage] Error: Channel closing: too late to send/recv, messages will be lost

console.warn: SearchSettings: "get: No settings file exists, new profile?" (new NotFoundError("Could not open the file at /tmp/rust_mozprofileEtJqX6/search.json.mozlz4", (void 0)))
1623428474567	Marionette	INFO	Listening on port 35191
1623428475029	Marionette	WARN	TLS certificate errors will be ignored for this session
1623428481476	Marionette	INFO	Stopped listening on port 35191
